<?xml version="1.0" encoding="UTF-8"?>
<!-- Generated by org.testng.reporters.JUnitReportReporter -->
<testsuite skipped="0" hostname="DESKTOP-VE66TCA" name="com.hrms.testcases.LoginTest" tests="1" failures="0" timestamp="2020-06-05T22:25:28 EDT" time="10.154" errors="0">
  <testcase name="validAdminLogin" time="10.154" classname="com.hrms.testcases.LoginTest"/>
  <system-out/>
</testsuite> <!-- com.hrms.testcases.LoginTest -->
