<?xml version="1.0" encoding="UTF-8"?>
<!-- Generated by org.testng.reporters.JUnitReportReporter -->
<testsuite skipped="0" hostname="DESKTOP-VE66TCA" name="com.hrms.testcases.AddEmployeeTest" tests="1" failures="0" timestamp="2020-06-02T21:33:59 EDT" time="11.818" errors="0">
  <testcase name="addEmployeePage" time="11.818" classname="com.hrms.testcases.AddEmployeeTest"/>
  <system-out/>
</testsuite> <!-- com.hrms.testcases.AddEmployeeTest -->
