<?xml version="1.0" encoding="UTF-8"?>
<!-- Generated by org.testng.reporters.JUnitReportReporter -->
<testsuite skipped="0" hostname="DESKTOP-VE66TCA" name="com.hrms.testcases.LoginTest" tests="4" failures="0" timestamp="2020-06-04T00:16:46 EDT" time="26.072" errors="0">
  <testcase name="validAdminLogin" time="9.680" classname="com.hrms.testcases.LoginTest"/>
  <system-out/>
  <testcase name="timeStamp" time="4.921" classname="com.hrms.testcases.LoginTest"/>
  <system-out/>
  <testcase name="invalidPasswordLogin" time="5.955" classname="com.hrms.testcases.LoginTest"/>
  <system-out/>
  <testcase name="emptyUsernameLogin" time="5.516" classname="com.hrms.testcases.LoginTest"/>
  <system-out/>
</testsuite> <!-- com.hrms.testcases.LoginTest -->
