<?xml version="1.0" encoding="UTF-8"?>
<!-- Generated by org.testng.reporters.JUnitReportReporter -->
<testsuite skipped="0" hostname="DESKTOP-VE66TCA" name="com.hrms.testcases.LoginTest" tests="3" failures="0" timestamp="2020-06-02T23:03:02 EDT" time="19.822" errors="0">
  <testcase name="emptyUsernameLogin" time="5.833" classname="com.hrms.testcases.LoginTest"/>
  <system-out/>
  <testcase name="invalidPasswordLogin" time="5.902" classname="com.hrms.testcases.LoginTest"/>
  <system-out/>
  <testcase name="validAdminLogin" time="8.087" classname="com.hrms.testcases.LoginTest"/>
  <system-out/>
</testsuite> <!-- com.hrms.testcases.LoginTest -->
